<?xml version="1.0" encoding="UTF-8"?>
<testsuite xmlns:xsi="http://www.w3.org/2001/XMLSchema-instance" xsi:noNamespaceSchemaLocation="https://maven.apache.org/surefire/maven-surefire-plugin/xsd/surefire-test-report-3.0.xsd" version="3.0" name="TestSuite" time="16.311" tests="1" errors="0" skipped="0" failures="0">
  <properties>
    <property name="sun.desktop" value="gnome"/>
    <property name="awt.toolkit" value="sun.awt.X11.XToolkit"/>
    <property name="file.encoding.pkg" value="sun.io"/>
    <property name="java.specification.version" value="1.8"/>
    <property name="sun.cpu.isalist" value=""/>
    <property name="sun.jnu.encoding" value="UTF-8"/>
    <property name="java.class.path" value="/home/ranjeet/Desktop/Test Cases/demoproject1/target/test-classes:/home/ranjeet/Desktop/Test Cases/demoproject1/target/classes:/home/ranjeet/.m2/repository/org/seleniumhq/selenium/selenium-java/3.141.59/selenium-java-3.141.59.jar:/home/ranjeet/.m2/repository/org/seleniumhq/selenium/selenium-api/3.141.59/selenium-api-3.141.59.jar:/home/ranjeet/.m2/repository/org/seleniumhq/selenium/selenium-chrome-driver/3.141.59/selenium-chrome-driver-3.141.59.jar:/home/ranjeet/.m2/repository/org/seleniumhq/selenium/selenium-edge-driver/3.141.59/selenium-edge-driver-3.141.59.jar:/home/ranjeet/.m2/repository/org/seleniumhq/selenium/selenium-firefox-driver/3.141.59/selenium-firefox-driver-3.141.59.jar:/home/ranjeet/.m2/repository/org/seleniumhq/selenium/selenium-ie-driver/3.141.59/selenium-ie-driver-3.141.59.jar:/home/ranjeet/.m2/repository/org/seleniumhq/selenium/selenium-opera-driver/3.141.59/selenium-opera-driver-3.141.59.jar:/home/ranjeet/.m2/repository/org/seleniumhq/selenium/selenium-remote-driver/3.141.59/selenium-remote-driver-3.141.59.jar:/home/ranjeet/.m2/repository/org/seleniumhq/selenium/selenium-safari-driver/3.141.59/selenium-safari-driver-3.141.59.jar:/home/ranjeet/.m2/repository/org/seleniumhq/selenium/selenium-support/3.141.59/selenium-support-3.141.59.jar:/home/ranjeet/.m2/repository/net/bytebuddy/byte-buddy/1.8.15/byte-buddy-1.8.15.jar:/home/ranjeet/.m2/repository/org/apache/commons/commons-exec/1.3/commons-exec-1.3.jar:/home/ranjeet/.m2/repository/com/google/guava/guava/25.0-jre/guava-25.0-jre.jar:/home/ranjeet/.m2/repository/org/checkerframework/checker-compat-qual/2.0.0/checker-compat-qual-2.0.0.jar:/home/ranjeet/.m2/repository/com/google/errorprone/error_prone_annotations/2.1.3/error_prone_annotations-2.1.3.jar:/home/ranjeet/.m2/repository/com/google/j2objc/j2objc-annotations/1.1/j2objc-annotations-1.1.jar:/home/ranjeet/.m2/repository/org/codehaus/mojo/animal-sniffer-annotations/1.14/animal-sniffer-annotations-1.14.jar:/home/ranjeet/.m2/repository/com/squareup/okhttp3/okhttp/3.11.0/okhttp-3.11.0.jar:/home/ranjeet/.m2/repository/com/squareup/okio/okio/1.14.0/okio-1.14.0.jar:/home/ranjeet/.m2/repository/org/testng/testng/6.14.2/testng-6.14.2.jar:/home/ranjeet/.m2/repository/com/beust/jcommander/1.72/jcommander-1.72.jar:/home/ranjeet/.m2/repository/org/apache-extras/beanshell/bsh/2.0b6/bsh-2.0b6.jar:/home/ranjeet/.m2/repository/org/sonarsource/scanner/maven/sonar-maven-plugin/3.2/sonar-maven-plugin-3.2.jar:/home/ranjeet/.m2/repository/org/apache/maven/shared/maven-dependency-tree/2.2/maven-dependency-tree-2.2.jar:/home/ranjeet/.m2/repository/org/codehaus/plexus/plexus-component-annotations/1.5.5/plexus-component-annotations-1.5.5.jar:/home/ranjeet/.m2/repository/org/eclipse/aether/aether-util/0.9.0.M2/aether-util-0.9.0.M2.jar:/home/ranjeet/.m2/repository/org/sonatype/plexus/plexus-sec-dispatcher/1.4/plexus-sec-dispatcher-1.4.jar:/home/ranjeet/.m2/repository/org/sonatype/plexus/plexus-cipher/1.4/plexus-cipher-1.4.jar:/home/ranjeet/.m2/repository/org/codehaus/plexus/plexus-utils/3.0.22/plexus-utils-3.0.22.jar:/home/ranjeet/.m2/repository/org/sonarsource/scanner/api/sonar-scanner-api/2.8/sonar-scanner-api-2.8.jar:/home/ranjeet/.m2/repository/commons-lang/commons-lang/2.6/commons-lang-2.6.jar:/home/ranjeet/.m2/repository/com/google/code/findbugs/jsr305/2.0.3/jsr305-2.0.3.jar:/home/ranjeet/.m2/repository/io/github/bonigarcia/webdrivermanager/3.8.0/webdrivermanager-3.8.0.jar:/home/ranjeet/.m2/repository/org/slf4j/slf4j-api/1.7.25/slf4j-api-1.7.25.jar:/home/ranjeet/.m2/repository/commons-io/commons-io/2.6/commons-io-2.6.jar:/home/ranjeet/.m2/repository/org/apache/commons/commons-lang3/3.8.1/commons-lang3-3.8.1.jar:/home/ranjeet/.m2/repository/org/rauschig/jarchivelib/1.0.0/jarchivelib-1.0.0.jar:/home/ranjeet/.m2/repository/org/apache/commons/commons-compress/1.18/commons-compress-1.18.jar:/home/ranjeet/.m2/repository/org/jsoup/jsoup/1.11.3/jsoup-1.11.3.jar:/home/ranjeet/.m2/repository/net/rcarz/jira-client/0.5/jira-client-0.5.jar:/home/ranjeet/.m2/repository/org/apache/httpcomponents/httpmime/4.2.5/httpmime-4.2.5.jar:/home/ranjeet/.m2/repository/net/sf/json-lib/json-lib/2.4/json-lib-2.4-jdk15.jar:/home/ranjeet/.m2/repository/commons-beanutils/commons-beanutils/1.8.0/commons-beanutils-1.8.0.jar:/home/ranjeet/.m2/repository/commons-collections/commons-collections/3.2.1/commons-collections-3.2.1.jar:/home/ranjeet/.m2/repository/net/sf/ezmorph/ezmorph/1.0.6/ezmorph-1.0.6.jar:/home/ranjeet/.m2/repository/joda-time/joda-time/2.3/joda-time-2.3.jar:/home/ranjeet/.m2/repository/junit/junit/4.8.2/junit-4.8.2.jar:/home/ranjeet/.m2/repository/org/mockito/mockito-all/1.9.0/mockito-all-1.9.0.jar:/home/ranjeet/.m2/repository/commons-httpclient/commons-httpclient/3.1/commons-httpclient-3.1.jar:/home/ranjeet/.m2/repository/org/apache/httpcomponents/httpclient/4.5.8/httpclient-4.5.8.jar:/home/ranjeet/.m2/repository/org/apache/httpcomponents/httpcore/4.4.11/httpcore-4.4.11.jar:/home/ranjeet/.m2/repository/commons-logging/commons-logging/1.2/commons-logging-1.2.jar:/home/ranjeet/.m2/repository/commons-codec/commons-codec/1.11/commons-codec-1.11.jar:/home/ranjeet/.m2/repository/com/google/code/gson/gson/2.8.4/gson-2.8.4.jar:/home/ranjeet/.m2/repository/com/relevantcodes/extentreports/2.41.0/extentreports-2.41.0.jar:/home/ranjeet/.m2/repository/org/xerial/sqlite-jdbc/3.8.11.1/sqlite-jdbc-3.8.11.1.jar:/home/ranjeet/.m2/repository/org/freemarker/freemarker/2.3.23/freemarker-2.3.23.jar:/home/ranjeet/.m2/repository/org/mongodb/mongodb-driver/3.0.4/mongodb-driver-3.0.4.jar:/home/ranjeet/.m2/repository/org/mongodb/bson/3.0.4/bson-3.0.4.jar:/home/ranjeet/.m2/repository/org/mongodb/mongodb-driver-core/3.0.4/mongodb-driver-core-3.0.4.jar:"/>
    <property name="java.vm.vendor" value="Private Build"/>
    <property name="sun.arch.data.model" value="64"/>
    <property name="java.vendor.url" value="http://java.oracle.com/"/>
    <property name="user.timezone" value=""/>
    <property name="java.vm.specification.version" value="1.8"/>
    <property name="os.name" value="Linux"/>
    <property name="user.country" value="IN"/>
    <property name="sun.java.launcher" value="SUN_STANDARD"/>
    <property name="sun.boot.library.path" value="/usr/lib/jvm/java-8-openjdk-amd64/jre/lib/amd64"/>
    <property name="sun.java.command" value="/home/ranjeet/Desktop/Test Cases/demoproject1/target/surefire/surefirebooter5038734604634673358.jar /home/ranjeet/Desktop/Test Cases/demoproject1/target/surefire 2020-02-07T18-17-55_947-jvmRun1 surefire4214979184829588043tmp surefire_02353323271960507086tmp"/>
    <property name="surefire.test.class.path" value="/home/ranjeet/Desktop/Test Cases/demoproject1/target/test-classes:/home/ranjeet/Desktop/Test Cases/demoproject1/target/classes:/home/ranjeet/.m2/repository/org/seleniumhq/selenium/selenium-java/3.141.59/selenium-java-3.141.59.jar:/home/ranjeet/.m2/repository/org/seleniumhq/selenium/selenium-api/3.141.59/selenium-api-3.141.59.jar:/home/ranjeet/.m2/repository/org/seleniumhq/selenium/selenium-chrome-driver/3.141.59/selenium-chrome-driver-3.141.59.jar:/home/ranjeet/.m2/repository/org/seleniumhq/selenium/selenium-edge-driver/3.141.59/selenium-edge-driver-3.141.59.jar:/home/ranjeet/.m2/repository/org/seleniumhq/selenium/selenium-firefox-driver/3.141.59/selenium-firefox-driver-3.141.59.jar:/home/ranjeet/.m2/repository/org/seleniumhq/selenium/selenium-ie-driver/3.141.59/selenium-ie-driver-3.141.59.jar:/home/ranjeet/.m2/repository/org/seleniumhq/selenium/selenium-opera-driver/3.141.59/selenium-opera-driver-3.141.59.jar:/home/ranjeet/.m2/repository/org/seleniumhq/selenium/selenium-remote-driver/3.141.59/selenium-remote-driver-3.141.59.jar:/home/ranjeet/.m2/repository/org/seleniumhq/selenium/selenium-safari-driver/3.141.59/selenium-safari-driver-3.141.59.jar:/home/ranjeet/.m2/repository/org/seleniumhq/selenium/selenium-support/3.141.59/selenium-support-3.141.59.jar:/home/ranjeet/.m2/repository/net/bytebuddy/byte-buddy/1.8.15/byte-buddy-1.8.15.jar:/home/ranjeet/.m2/repository/org/apache/commons/commons-exec/1.3/commons-exec-1.3.jar:/home/ranjeet/.m2/repository/com/google/guava/guava/25.0-jre/guava-25.0-jre.jar:/home/ranjeet/.m2/repository/org/checkerframework/checker-compat-qual/2.0.0/checker-compat-qual-2.0.0.jar:/home/ranjeet/.m2/repository/com/google/errorprone/error_prone_annotations/2.1.3/error_prone_annotations-2.1.3.jar:/home/ranjeet/.m2/repository/com/google/j2objc/j2objc-annotations/1.1/j2objc-annotations-1.1.jar:/home/ranjeet/.m2/repository/org/codehaus/mojo/animal-sniffer-annotations/1.14/animal-sniffer-annotations-1.14.jar:/home/ranjeet/.m2/repository/com/squareup/okhttp3/okhttp/3.11.0/okhttp-3.11.0.jar:/home/ranjeet/.m2/repository/com/squareup/okio/okio/1.14.0/okio-1.14.0.jar:/home/ranjeet/.m2/repository/org/testng/testng/6.14.2/testng-6.14.2.jar:/home/ranjeet/.m2/repository/com/beust/jcommander/1.72/jcommander-1.72.jar:/home/ranjeet/.m2/repository/org/apache-extras/beanshell/bsh/2.0b6/bsh-2.0b6.jar:/home/ranjeet/.m2/repository/org/sonarsource/scanner/maven/sonar-maven-plugin/3.2/sonar-maven-plugin-3.2.jar:/home/ranjeet/.m2/repository/org/apache/maven/shared/maven-dependency-tree/2.2/maven-dependency-tree-2.2.jar:/home/ranjeet/.m2/repository/org/codehaus/plexus/plexus-component-annotations/1.5.5/plexus-component-annotations-1.5.5.jar:/home/ranjeet/.m2/repository/org/eclipse/aether/aether-util/0.9.0.M2/aether-util-0.9.0.M2.jar:/home/ranjeet/.m2/repository/org/sonatype/plexus/plexus-sec-dispatcher/1.4/plexus-sec-dispatcher-1.4.jar:/home/ranjeet/.m2/repository/org/sonatype/plexus/plexus-cipher/1.4/plexus-cipher-1.4.jar:/home/ranjeet/.m2/repository/org/codehaus/plexus/plexus-utils/3.0.22/plexus-utils-3.0.22.jar:/home/ranjeet/.m2/repository/org/sonarsource/scanner/api/sonar-scanner-api/2.8/sonar-scanner-api-2.8.jar:/home/ranjeet/.m2/repository/commons-lang/commons-lang/2.6/commons-lang-2.6.jar:/home/ranjeet/.m2/repository/com/google/code/findbugs/jsr305/2.0.3/jsr305-2.0.3.jar:/home/ranjeet/.m2/repository/io/github/bonigarcia/webdrivermanager/3.8.0/webdrivermanager-3.8.0.jar:/home/ranjeet/.m2/repository/org/slf4j/slf4j-api/1.7.25/slf4j-api-1.7.25.jar:/home/ranjeet/.m2/repository/commons-io/commons-io/2.6/commons-io-2.6.jar:/home/ranjeet/.m2/repository/org/apache/commons/commons-lang3/3.8.1/commons-lang3-3.8.1.jar:/home/ranjeet/.m2/repository/org/rauschig/jarchivelib/1.0.0/jarchivelib-1.0.0.jar:/home/ranjeet/.m2/repository/org/apache/commons/commons-compress/1.18/commons-compress-1.18.jar:/home/ranjeet/.m2/repository/org/jsoup/jsoup/1.11.3/jsoup-1.11.3.jar:/home/ranjeet/.m2/repository/net/rcarz/jira-client/0.5/jira-client-0.5.jar:/home/ranjeet/.m2/repository/org/apache/httpcomponents/httpmime/4.2.5/httpmime-4.2.5.jar:/home/ranjeet/.m2/repository/net/sf/json-lib/json-lib/2.4/json-lib-2.4-jdk15.jar:/home/ranjeet/.m2/repository/commons-beanutils/commons-beanutils/1.8.0/commons-beanutils-1.8.0.jar:/home/ranjeet/.m2/repository/commons-collections/commons-collections/3.2.1/commons-collections-3.2.1.jar:/home/ranjeet/.m2/repository/net/sf/ezmorph/ezmorph/1.0.6/ezmorph-1.0.6.jar:/home/ranjeet/.m2/repository/joda-time/joda-time/2.3/joda-time-2.3.jar:/home/ranjeet/.m2/repository/junit/junit/4.8.2/junit-4.8.2.jar:/home/ranjeet/.m2/repository/org/mockito/mockito-all/1.9.0/mockito-all-1.9.0.jar:/home/ranjeet/.m2/repository/commons-httpclient/commons-httpclient/3.1/commons-httpclient-3.1.jar:/home/ranjeet/.m2/repository/org/apache/httpcomponents/httpclient/4.5.8/httpclient-4.5.8.jar:/home/ranjeet/.m2/repository/org/apache/httpcomponents/httpcore/4.4.11/httpcore-4.4.11.jar:/home/ranjeet/.m2/repository/commons-logging/commons-logging/1.2/commons-logging-1.2.jar:/home/ranjeet/.m2/repository/commons-codec/commons-codec/1.11/commons-codec-1.11.jar:/home/ranjeet/.m2/repository/com/google/code/gson/gson/2.8.4/gson-2.8.4.jar:/home/ranjeet/.m2/repository/com/relevantcodes/extentreports/2.41.0/extentreports-2.41.0.jar:/home/ranjeet/.m2/repository/org/xerial/sqlite-jdbc/3.8.11.1/sqlite-jdbc-3.8.11.1.jar:/home/ranjeet/.m2/repository/org/freemarker/freemarker/2.3.23/freemarker-2.3.23.jar:/home/ranjeet/.m2/repository/org/mongodb/mongodb-driver/3.0.4/mongodb-driver-3.0.4.jar:/home/ranjeet/.m2/repository/org/mongodb/bson/3.0.4/bson-3.0.4.jar:/home/ranjeet/.m2/repository/org/mongodb/mongodb-driver-core/3.0.4/mongodb-driver-core-3.0.4.jar:"/>
    <property name="sun.cpu.endian" value="little"/>
    <property name="user.home" value="/home/ranjeet"/>
    <property name="user.language" value="en"/>
    <property name="java.specification.vendor" value="Oracle Corporation"/>
    <property name="java.home" value="/usr/lib/jvm/java-8-openjdk-amd64/jre"/>
    <property name="basedir" value="/home/ranjeet/Desktop/Test Cases/demoproject1"/>
    <property name="file.separator" value="/"/>
    <property name="line.separator" value="&#10;"/>
    <property name="java.vm.specification.vendor" value="Oracle Corporation"/>
    <property name="java.specification.name" value="Java Platform API Specification"/>
    <property name="java.awt.graphicsenv" value="sun.awt.X11GraphicsEnvironment"/>
    <property name="surefire.real.class.path" value="/home/ranjeet/Desktop/Test Cases/demoproject1/target/surefire/surefirebooter5038734604634673358.jar"/>
    <property name="sun.boot.class.path" value="/usr/lib/jvm/java-8-openjdk-amd64/jre/lib/resources.jar:/usr/lib/jvm/java-8-openjdk-amd64/jre/lib/rt.jar:/usr/lib/jvm/java-8-openjdk-amd64/jre/lib/sunrsasign.jar:/usr/lib/jvm/java-8-openjdk-amd64/jre/lib/jsse.jar:/usr/lib/jvm/java-8-openjdk-amd64/jre/lib/jce.jar:/usr/lib/jvm/java-8-openjdk-amd64/jre/lib/charsets.jar:/usr/lib/jvm/java-8-openjdk-amd64/jre/lib/jfr.jar:/usr/lib/jvm/java-8-openjdk-amd64/jre/classes"/>
    <property name="sun.management.compiler" value="HotSpot 64-Bit Tiered Compilers"/>
    <property name="java.runtime.version" value="1.8.0_242-8u242-b08-0ubuntu3~16.04-b08"/>
    <property name="user.name" value="ranjeet"/>
    <property name="path.separator" value=":"/>
    <property name="os.version" value="4.15.0-76-generic"/>
    <property name="java.endorsed.dirs" value="/usr/lib/jvm/java-8-openjdk-amd64/jre/lib/endorsed"/>
    <property name="java.runtime.name" value="OpenJDK Runtime Environment"/>
    <property name="file.encoding" value="UTF-8"/>
    <property name="java.vm.name" value="OpenJDK 64-Bit Server VM"/>
    <property name="localRepository" value="/home/ranjeet/.m2/repository"/>
    <property name="java.vendor.url.bug" value="http://bugreport.sun.com/bugreport/"/>
    <property name="java.io.tmpdir" value="/tmp"/>
    <property name="java.version" value="1.8.0_242"/>
    <property name="user.dir" value="/home/ranjeet/Desktop/Test Cases/demoproject1"/>
    <property name="os.arch" value="amd64"/>
    <property name="java.vm.specification.name" value="Java Virtual Machine Specification"/>
    <property name="java.awt.printerjob" value="sun.print.PSPrinterJob"/>
    <property name="sun.os.patch.level" value="unknown"/>
    <property name="java.library.path" value="/usr/java/packages/lib/amd64:/usr/lib/x86_64-linux-gnu/jni:/lib/x86_64-linux-gnu:/usr/lib/x86_64-linux-gnu:/usr/lib/jni:/lib:/usr/lib"/>
    <property name="java.vm.info" value="mixed mode"/>
    <property name="java.vendor" value="Private Build"/>
    <property name="java.vm.version" value="25.242-b08"/>
    <property name="java.ext.dirs" value="/usr/lib/jvm/java-8-openjdk-amd64/jre/lib/ext:/usr/java/packages/lib/ext"/>
    <property name="sun.io.unicode.encoding" value="UnicodeLittle"/>
    <property name="java.class.version" value="52.0"/>
  </properties>
  <testcase name="Allocation" classname="com.AutomationTalks.demoproject1.testClass1" time="1.994"/>
</testsuite>