<?xml version="1.0" encoding="UTF-8"?>
<!-- Generated by org.testng.reporters.JUnitReportReporter -->
<testsuite skipped="1" hostname="evAbhijit" name="com.AutomationTalks.demoproject1.testClass1" tests="2" failures="0" timestamp="07 Feb 2020 12:48:13 GMT" time="15.279" errors="0">
  <testcase name="Allocation" time="15.279" classname="com.AutomationTalks.demoproject1.testClass1"/>
  <testcase name="Edit_Allocation" classname="com.AutomationTalks.demoproject1.testClass1">
    <skipped/>
  </testcase> <!-- Edit_Allocation -->
</testsuite> <!-- com.AutomationTalks.demoproject1.testClass1 -->
